<?xml version="1.0" encoding="UTF-8"?>
<testsuites name="Mocha Tests" time="0.0600" tests="12" failures="0">
  <testsuite name="Root Suite" timestamp="2020-05-27T12:24:10" tests="0" time="0.0000" failures="0">
  </testsuite>
  <testsuite name="Validation Helper" timestamp="2020-05-27T12:24:10" tests="0" file="C:\Users\andre\Documents\Github\stance\Source\Initium.Portal.Web\Resources\Scripts\services\validator.spec.ts" time="0.0000" failures="0">
  </testsuite>
  <testsuite name="validate" timestamp="2020-05-27T12:24:10" tests="5" file="C:\Users\andre\Documents\Github\stance\Source\Initium.Portal.Web\Resources\Scripts\services\validator.spec.ts" time="0.0390" failures="0">
    <testcase name="Validation Helper validate when form has validate then result is false" time="0.0090" classname="when form has validate then result is false">
    </testcase>
    <testcase name="Validation Helper validate when form has validatable elements and elements are valid then result is true" time="0.0170" classname="when form has validatable elements and elements are valid then result is true">
    </testcase>
    <testcase name="Validation Helper validate when form has validatable elements and elements are not valid then result is false" time="0.0060" classname="when form has validatable elements and elements are not valid then result is false">
    </testcase>
    <testcase name="Validation Helper validate when form has validatable elements and elements are not valid then element should be decorated" time="0.0040" classname="when form has validatable elements and elements are not valid then element should be decorated">
    </testcase>
    <testcase name="Validation Helper validate when form has validatable elements and elements are valid then element should be decorated" time="0.0030" classname="when form has validatable elements and elements are valid then element should be decorated">
    </testcase>
  </testsuite>
  <testsuite name="reset" timestamp="2020-05-27T12:24:10" tests="1" file="C:\Users\andre\Documents\Github\stance\Source\Initium.Portal.Web\Resources\Scripts\services\validator.spec.ts" time="0.0040" failures="0">
    <testcase name="Validation Helper reset when form has been validate expect validation to be removed" time="0.0040" classname="when form has been validate expect validation to be removed">
    </testcase>
  </testsuite>
  <testsuite name="validation rules" timestamp="2020-05-27T12:24:10" tests="6" file="C:\Users\andre\Documents\Github\stance\Source\Initium.Portal.Web\Resources\Scripts\services\validator.spec.ts" time="0.0170" failures="0">
    <testcase name="Validation Helper validation rules when valRequired expect a required validation to be used" time="0.0030" classname="when valRequired expect a required validation to be used">
    </testcase>
    <testcase name="Validation Helper validation rules when valEmail expect an email validation to be used" time="0.0030" classname="when valEmail expect an email validation to be used">
    </testcase>
    <testcase name="Validation Helper validation rules when valEmail expect an email validation to be used" time="0.0030" classname="when valEmail expect an email validation to be used">
    </testcase>
    <testcase name="Validation Helper validation rules when valMinlength expect a length validation to be used" time="0.0030" classname="when valMinlength expect a length validation to be used">
    </testcase>
    <testcase name="Validation Helper validation rules when valEqualto expect a equality validation to be used" time="0.0030" classname="when valEqualto expect a equality validation to be used">
    </testcase>
    <testcase name="Validation Helper validation rules when valRegex expect a format validation to be used" time="0.0020" classname="when valRegex expect a format validation to be used">
    </testcase>
  </testsuite>
</testsuites>